Analysis & Synthesis report for ALU
Wed Nov 08 19:31:45 2017
Quartus II 64-Bit Version 13.0.1 Build 232 06/12/2013 Service Pack 1 SJ Full Version


---------------------
; Table of Contents ;
---------------------
  1. Legal Notice
  2. Analysis & Synthesis Summary
  3. Analysis & Synthesis Settings
  4. Parallel Compilation
  5. Analysis & Synthesis Messages



----------------
; Legal Notice ;
----------------
Copyright (C) 1991-2013 Altera Corporation
Your use of Altera Corporation's design tools, logic functions 
and other software and tools, and its AMPP partner logic 
functions, and any output files from any of the foregoing 
(including device programming or simulation files), and any 
associated documentation or information are expressly subject 
to the terms and conditions of the Altera Program License 
Subscription Agreement, Altera MegaCore Function License 
Agreement, or other applicable license agreement, including, 
without limitation, that your use is for the sole purpose of 
programming logic devices manufactured by Altera and sold by 
Altera or its authorized distributors.  Please refer to the 
applicable agreement for further details.



+---------------------------------------------------------------------------------------+
; Analysis & Synthesis Summary                                                          ;
+------------------------------------+--------------------------------------------------+
; Analysis & Synthesis Status        ; Failed - Wed Nov 08 19:31:45 2017                ;
; Quartus II 64-Bit Version          ; 13.0.1 Build 232 06/12/2013 SP 1 SJ Full Version ;
; Revision Name                      ; ALU                                              ;
; Top-level Entity Name              ; FullALU                                          ;
; Family                             ; Cyclone II                                       ;
; Total logic elements               ; N/A until Partition Merge                        ;
;     Total combinational functions  ; N/A until Partition Merge                        ;
;     Dedicated logic registers      ; N/A until Partition Merge                        ;
; Total registers                    ; N/A until Partition Merge                        ;
; Total pins                         ; N/A until Partition Merge                        ;
; Total virtual pins                 ; N/A until Partition Merge                        ;
; Total memory bits                  ; N/A until Partition Merge                        ;
; Embedded Multiplier 9-bit elements ; N/A until Partition Merge                        ;
; Total PLLs                         ; N/A until Partition Merge                        ;
+------------------------------------+--------------------------------------------------+


+----------------------------------------------------------------------------------------------------------------------+
; Analysis & Synthesis Settings                                                                                        ;
+----------------------------------------------------------------------------+--------------------+--------------------+
; Option                                                                     ; Setting            ; Default Value      ;
+----------------------------------------------------------------------------+--------------------+--------------------+
; Top-level entity name                                                      ; FullALU            ; ALU                ;
; Family name                                                                ; Cyclone II         ; Cyclone IV GX      ;
; Use smart compilation                                                      ; Off                ; Off                ;
; Enable parallel Assembler and TimeQuest Timing Analyzer during compilation ; On                 ; On                 ;
; Enable compact report table                                                ; Off                ; Off                ;
; Restructure Multiplexers                                                   ; Auto               ; Auto               ;
; Create Debugging Nodes for IP Cores                                        ; Off                ; Off                ;
; Preserve fewer node names                                                  ; On                 ; On                 ;
; Disable OpenCore Plus hardware evaluation                                  ; Off                ; Off                ;
; Verilog Version                                                            ; Verilog_2001       ; Verilog_2001       ;
; VHDL Version                                                               ; VHDL_1993          ; VHDL_1993          ;
; State Machine Processing                                                   ; Auto               ; Auto               ;
; Safe State Machine                                                         ; Off                ; Off                ;
; Extract Verilog State Machines                                             ; On                 ; On                 ;
; Extract VHDL State Machines                                                ; On                 ; On                 ;
; Ignore Verilog initial constructs                                          ; Off                ; Off                ;
; Iteration limit for constant Verilog loops                                 ; 5000               ; 5000               ;
; Iteration limit for non-constant Verilog loops                             ; 250                ; 250                ;
; Add Pass-Through Logic to Inferred RAMs                                    ; On                 ; On                 ;
; Infer RAMs from Raw Logic                                                  ; On                 ; On                 ;
; Parallel Synthesis                                                         ; On                 ; On                 ;
; DSP Block Balancing                                                        ; Auto               ; Auto               ;
; NOT Gate Push-Back                                                         ; On                 ; On                 ;
; Power-Up Don't Care                                                        ; On                 ; On                 ;
; Remove Redundant Logic Cells                                               ; Off                ; Off                ;
; Remove Duplicate Registers                                                 ; On                 ; On                 ;
; Ignore CARRY Buffers                                                       ; Off                ; Off                ;
; Ignore CASCADE Buffers                                                     ; Off                ; Off                ;
; Ignore GLOBAL Buffers                                                      ; Off                ; Off                ;
; Ignore ROW GLOBAL Buffers                                                  ; Off                ; Off                ;
; Ignore LCELL Buffers                                                       ; Off                ; Off                ;
; Ignore SOFT Buffers                                                        ; On                 ; On                 ;
; Limit AHDL Integers to 32 Bits                                             ; Off                ; Off                ;
; Optimization Technique                                                     ; Balanced           ; Balanced           ;
; Carry Chain Length                                                         ; 70                 ; 70                 ;
; Auto Carry Chains                                                          ; On                 ; On                 ;
; Auto Open-Drain Pins                                                       ; On                 ; On                 ;
; Perform WYSIWYG Primitive Resynthesis                                      ; Off                ; Off                ;
; Auto ROM Replacement                                                       ; On                 ; On                 ;
; Auto RAM Replacement                                                       ; On                 ; On                 ;
; Auto Shift Register Replacement                                            ; Auto               ; Auto               ;
; Allow Shift Register Merging across Hierarchies                            ; Auto               ; Auto               ;
; Auto Clock Enable Replacement                                              ; On                 ; On                 ;
; Strict RAM Replacement                                                     ; Off                ; Off                ;
; Allow Synchronous Control Signals                                          ; On                 ; On                 ;
; Force Use of Synchronous Clear Signals                                     ; Off                ; Off                ;
; Auto RAM to Logic Cell Conversion                                          ; Off                ; Off                ;
; Auto Resource Sharing                                                      ; Off                ; Off                ;
; Allow Any RAM Size For Recognition                                         ; Off                ; Off                ;
; Allow Any ROM Size For Recognition                                         ; Off                ; Off                ;
; Allow Any Shift Register Size For Recognition                              ; Off                ; Off                ;
; Use LogicLock Constraints during Resource Balancing                        ; On                 ; On                 ;
; Ignore translate_off and synthesis_off directives                          ; Off                ; Off                ;
; Timing-Driven Synthesis                                                    ; Off                ; Off                ;
; Report Parameter Settings                                                  ; On                 ; On                 ;
; Report Source Assignments                                                  ; On                 ; On                 ;
; Report Connectivity Checks                                                 ; On                 ; On                 ;
; Ignore Maximum Fan-Out Assignments                                         ; Off                ; Off                ;
; Synchronization Register Chain Length                                      ; 2                  ; 2                  ;
; PowerPlay Power Optimization                                               ; Normal compilation ; Normal compilation ;
; HDL message level                                                          ; Level2             ; Level2             ;
; Suppress Register Optimization Related Messages                            ; Off                ; Off                ;
; Number of Removed Registers Reported in Synthesis Report                   ; 5000               ; 5000               ;
; Number of Swept Nodes Reported in Synthesis Report                         ; 5000               ; 5000               ;
; Number of Inverted Registers Reported in Synthesis Report                  ; 100                ; 100                ;
; Clock MUX Protection                                                       ; On                 ; On                 ;
; Auto Gated Clock Conversion                                                ; Off                ; Off                ;
; Block Design Naming                                                        ; Auto               ; Auto               ;
; SDC constraint protection                                                  ; Off                ; Off                ;
; Synthesis Effort                                                           ; Auto               ; Auto               ;
; Shift Register Replacement - Allow Asynchronous Clear Signal               ; On                 ; On                 ;
; Pre-Mapping Resynthesis Optimization                                       ; Off                ; Off                ;
; Analysis & Synthesis Message Level                                         ; Medium             ; Medium             ;
; Disable Register Merging Across Hierarchies                                ; Auto               ; Auto               ;
; Resource Aware Inference For Block RAM                                     ; On                 ; On                 ;
; Synthesis Seed                                                             ; 1                  ; 1                  ;
+----------------------------------------------------------------------------+--------------------+--------------------+


+------------------------------------------+
; Parallel Compilation                     ;
+----------------------------+-------------+
; Processors                 ; Number      ;
+----------------------------+-------------+
; Number detected on machine ; 4           ;
; Maximum allowed            ; 4           ;
;                            ;             ;
; Average used               ; 1.00        ;
; Maximum used               ; 1           ;
;                            ;             ;
; Usage by Processor         ; % Time Used ;
;     Processor 1            ; 100.0%      ;
;     Processors 2-4         ;   0.0%      ;
+----------------------------+-------------+


+-------------------------------+
; Analysis & Synthesis Messages ;
+-------------------------------+
Info: *******************************************************************
Info: Running Quartus II 64-Bit Analysis & Synthesis
    Info: Version 13.0.1 Build 232 06/12/2013 Service Pack 1 SJ Full Version
    Info: Processing started: Wed Nov 08 19:31:43 2017
Info: Command: quartus_map --read_settings_files=on --write_settings_files=off ALU -c ALU
Info (20030): Parallel compilation is enabled and will use 4 of the 4 processors detected
Info (12021): Found 2 design units, including 1 entities, in source file alukernal.vhd
    Info (12022): Found design unit 1: ALUKernel-arch
    Info (12023): Found entity 1: ALUKernel
Info (12021): Found 2 design units, including 1 entities, in source file alu.vhd
    Info (12022): Found design unit 1: ALU-arch
    Info (12023): Found entity 1: ALU
Info (12021): Found 1 design units, including 1 entities, in source file fullalu.bdf
    Info (12023): Found entity 1: FullALU
Info (12021): Found 2 design units, including 1 entities, in source file tristate16bit.vhd
    Info (12022): Found design unit 1: TriState4Bit-behav
    Info (12023): Found entity 1: TriState4Bit
Info (12021): Found 2 design units, including 1 entities, in source file 16-bit register.vhd
    Info (12022): Found design unit 1: Register16Bit-behavior
    Info (12023): Found entity 1: Register16Bit
Info (12021): Found 2 design units, including 1 entities, in source file 2to1mux16bit.vhd.vhd
    Info (12022): Found design unit 1: MUX21_16bit-behavior
    Info (12023): Found entity 1: MUX21_16bit
Info (12021): Found 2 design units, including 1 entities, in source file placesplitter.vhd
    Info (12022): Found design unit 1: placesplitter-behav
    Info (12023): Found entity 1: placesplitter
Info (12021): Found 2 design units, including 1 entities, in source file sevensegmentdisplay.vhd
    Info (12022): Found design unit 1: Sevensegmentdisplay-behav_display
    Info (12023): Found entity 1: Sevensegmentdisplay
Info (12127): Elaborating entity "FullALU" for the top level hierarchy
Info (12128): Elaborating entity "ALU" for hierarchy "ALU:inst8"
Warning (10541): VHDL Signal Declaration warning at ALU.vhd(56): used implicit default value for signal "S11" because signal was never assigned a value or an explicit default value. Use of implicit default value may introduce unintended design optimizations.
Info (12128): Elaborating entity "Register16Bit" for hierarchy "ALU:inst8|Register16Bit:AX0"
Info (12128): Elaborating entity "MUX21_16bit" for hierarchy "ALU:inst8|MUX21_16bit:MX0"
Warning (10631): VHDL Process Statement warning at 2to1MUX16bit.vhd.vhd(14): inferring latch(es) for signal or variable "MUX21Out", which holds its previous value in one or more paths through the process
Info (10041): Inferred latch for "MUX21Out[0]" at 2to1MUX16bit.vhd.vhd(14)
Info (10041): Inferred latch for "MUX21Out[1]" at 2to1MUX16bit.vhd.vhd(14)
Info (10041): Inferred latch for "MUX21Out[2]" at 2to1MUX16bit.vhd.vhd(14)
Info (10041): Inferred latch for "MUX21Out[3]" at 2to1MUX16bit.vhd.vhd(14)
Info (10041): Inferred latch for "MUX21Out[4]" at 2to1MUX16bit.vhd.vhd(14)
Info (10041): Inferred latch for "MUX21Out[5]" at 2to1MUX16bit.vhd.vhd(14)
Info (10041): Inferred latch for "MUX21Out[6]" at 2to1MUX16bit.vhd.vhd(14)
Info (10041): Inferred latch for "MUX21Out[7]" at 2to1MUX16bit.vhd.vhd(14)
Info (10041): Inferred latch for "MUX21Out[8]" at 2to1MUX16bit.vhd.vhd(14)
Info (10041): Inferred latch for "MUX21Out[9]" at 2to1MUX16bit.vhd.vhd(14)
Info (10041): Inferred latch for "MUX21Out[10]" at 2to1MUX16bit.vhd.vhd(14)
Info (10041): Inferred latch for "MUX21Out[11]" at 2to1MUX16bit.vhd.vhd(14)
Info (10041): Inferred latch for "MUX21Out[12]" at 2to1MUX16bit.vhd.vhd(14)
Info (10041): Inferred latch for "MUX21Out[13]" at 2to1MUX16bit.vhd.vhd(14)
Info (10041): Inferred latch for "MUX21Out[14]" at 2to1MUX16bit.vhd.vhd(14)
Info (10041): Inferred latch for "MUX21Out[15]" at 2to1MUX16bit.vhd.vhd(14)
Info (12128): Elaborating entity "TriState4Bit" for hierarchy "ALU:inst8|TriState4Bit:TSBE0"
Info (12128): Elaborating entity "ALUKernel" for hierarchy "ALU:inst8|ALUKernel:ALUK"
Error (10344): VHDL expression error at ALUKernal.vhd(28): expression has 18 elements, but must have 16 elements File: C:/altera/13.0sp1/ALU Kevin Patrick/ALUKernal.vhd Line: 28
Error (12152): Can't elaborate user hierarchy "ALU:inst8|ALUKernel:ALUK" File: C:/altera/13.0sp1/ALU Kevin Patrick/ALU.vhd Line: 80
Error: Quartus II 64-Bit Analysis & Synthesis was unsuccessful. 2 errors, 2 warnings
    Error: Peak virtual memory: 492 megabytes
    Error: Processing ended: Wed Nov 08 19:31:45 2017
    Error: Elapsed time: 00:00:02
    Error: Total CPU time (on all processors): 00:00:01


