Flow report for PatLab2
Tue Sep 25 21:18:56 2018
Quartus Prime Version 16.1.0 Build 196 10/24/2016 SJ Lite Edition


---------------------
; Table of Contents ;
---------------------
  1. Legal Notice
  2. Flow Summary
  3. Flow Settings
  4. Flow Non-Default Global Settings
  5. Flow Elapsed Time
  6. Flow OS Summary
  7. Flow Log
  8. Flow Messages
  9. Flow Suppressed Messages



----------------
; Legal Notice ;
----------------
Copyright (C) 2016  Intel Corporation. All rights reserved.
Your use of Intel Corporation's design tools, logic functions 
and other software and tools, and its AMPP partner logic 
functions, and any output files from any of the foregoing 
(including device programming or simulation files), and any 
associated documentation or information are expressly subject 
to the terms and conditions of the Intel Program License 
Subscription Agreement, the Intel Quartus Prime License Agreement,
the Intel MegaCore Function License Agreement, or other 
applicable license agreement, including, without limitation, 
that your use is for the sole purpose of programming logic 
devices manufactured by Intel and sold by Intel or its 
authorized distributors.  Please refer to the applicable 
agreement for further details.



+-------------------------------------------------------------------------------+
; Flow Summary                                                                  ;
+---------------------------------+---------------------------------------------+
; Flow Status                     ; Successful - Tue Sep 25 21:18:47 2018       ;
; Quartus Prime Version           ; 16.1.0 Build 196 10/24/2016 SJ Lite Edition ;
; Revision Name                   ; PatLab2                                     ;
; Top-level Entity Name           ; VGA                                         ;
; Family                          ; Cyclone V                                   ;
; Device                          ; 5CSEMA5F31C6                                ;
; Timing Models                   ; Final                                       ;
; Logic utilization (in ALMs)     ; 104 / 32,070 ( < 1 % )                      ;
; Total registers                 ; 94                                          ;
; Total pins                      ; 33 / 457 ( 7 % )                            ;
; Total virtual pins              ; 0                                           ;
; Total block memory bits         ; 0 / 4,065,280 ( 0 % )                       ;
; Total DSP Blocks                ; 0 / 87 ( 0 % )                              ;
; Total HSSI RX PCSs              ; 0                                           ;
; Total HSSI PMA RX Deserializers ; 0                                           ;
; Total HSSI TX PCSs              ; 0                                           ;
; Total HSSI PMA TX Serializers   ; 0                                           ;
; Total PLLs                      ; 1 / 6 ( 17 % )                              ;
; Total DLLs                      ; 0 / 4 ( 0 % )                               ;
+---------------------------------+---------------------------------------------+


+-----------------------------------------+
; Flow Settings                           ;
+-------------------+---------------------+
; Option            ; Setting             ;
+-------------------+---------------------+
; Start date & time ; 09/25/2018 21:17:51 ;
; Main task         ; Compilation         ;
; Revision Name     ; PatLab2             ;
+-------------------+---------------------+


+----------------------------------------------------------------------------------------------------------------------------------------+
; Flow Non-Default Global Settings                                                                                                       ;
+-------------------------------------+-------------------------------------------------------+---------------+-------------+------------+
; Assignment Name                     ; Value                                                 ; Default Value ; Entity Name ; Section Id ;
+-------------------------------------+-------------------------------------------------------+---------------+-------------+------------+
; COMPILER_SIGNATURE_ID               ; 79497678706523.153792467001368                        ; --            ; --          ; --         ;
; MAX_CORE_JUNCTION_TEMP              ; 85                                                    ; --            ; --          ; --         ;
; MIN_CORE_JUNCTION_TEMP              ; 0                                                     ; --            ; --          ; --         ;
; MISC_FILE                           ; pll/synthesis/../pll.cmp                              ; --            ; --          ; --         ;
; MISC_FILE                           ; pll/synthesis/../../pll.qsys                          ; --            ; --          ; --         ;
; PARTITION_COLOR                     ; -- (Not supported for targeted family)                ; --            ; vga         ; Top        ;
; PARTITION_FITTER_PRESERVATION_LEVEL ; -- (Not supported for targeted family)                ; --            ; vga         ; Top        ;
; PARTITION_NETLIST_TYPE              ; -- (Not supported for targeted family)                ; --            ; vga         ; Top        ;
; POWER_BOARD_THERMAL_MODEL           ; None (CONSERVATIVE)                                   ; --            ; --          ; --         ;
; POWER_PRESET_COOLING_SOLUTION       ; 23 MM HEAT SINK WITH 200 LFPM AIRFLOW                 ; --            ; --          ; --         ;
; PROJECT_OUTPUT_DIRECTORY            ; output_files                                          ; --            ; --          ; --         ;
; SLD_FILE                            ; pll/synthesis/pll.debuginfo                           ; --            ; --          ; --         ;
; SLD_INFO                            ; QSYS_NAME pll HAS_SOPCINFO 1 GENERATION_ID 1537315040 ; --            ; pll         ; --         ;
; SOPCINFO_FILE                       ; pll/synthesis/../../pll.sopcinfo                      ; --            ; --          ; --         ;
; SYNTHESIS_ONLY_QIP                  ; On                                                    ; --            ; --          ; --         ;
; TOP_LEVEL_ENTITY                    ; vga                                                   ; PatLab2       ; --          ; --         ;
+-------------------------------------+-------------------------------------------------------+---------------+-------------+------------+


+-------------------------------------------------------------------------------------------------------------------------------+
; Flow Elapsed Time                                                                                                             ;
+---------------------------+--------------+-------------------------+---------------------+------------------------------------+
; Module Name               ; Elapsed Time ; Average Processors Used ; Peak Virtual Memory ; Total CPU Time (on all processors) ;
+---------------------------+--------------+-------------------------+---------------------+------------------------------------+
; Analysis & Synthesis      ; 00:00:12     ; 1.0                     ; 783 MB              ; 00:00:25                           ;
; Fitter                    ; 00:00:34     ; 1.0                     ; 2543 MB             ; 00:00:58                           ;
; Assembler                 ; 00:00:06     ; 1.0                     ; 758 MB              ; 00:00:07                           ;
; TimeQuest Timing Analyzer ; 00:00:07     ; 1.1                     ; 1082 MB             ; 00:00:07                           ;
; Total                     ; 00:00:59     ; --                      ; --                  ; 00:01:37                           ;
+---------------------------+--------------+-------------------------+---------------------+------------------------------------+


+-----------------------------------------------------------------------------------------+
; Flow OS Summary                                                                         ;
+---------------------------+------------------+------------+------------+----------------+
; Module Name               ; Machine Hostname ; OS Name    ; OS Version ; Processor type ;
+---------------------------+------------------+------------+------------+----------------+
; Analysis & Synthesis      ; UM-31K7HH2       ; Windows 10 ; 10.0       ; x86_64         ;
; Fitter                    ; UM-31K7HH2       ; Windows 10 ; 10.0       ; x86_64         ;
; Assembler                 ; UM-31K7HH2       ; Windows 10 ; 10.0       ; x86_64         ;
; TimeQuest Timing Analyzer ; UM-31K7HH2       ; Windows 10 ; 10.0       ; x86_64         ;
+---------------------------+------------------+------------+------------+----------------+


------------
; Flow Log ;
------------
quartus_map --read_settings_files=on --write_settings_files=off PatLab2 -c PatLab2
quartus_fit --read_settings_files=off --write_settings_files=off PatLab2 -c PatLab2
quartus_asm --read_settings_files=off --write_settings_files=off PatLab2 -c PatLab2
quartus_sta PatLab2 -c PatLab2



